<?xml version="1.0" encoding="UTF-8"?>
<testng-results ignored="0" total="1" passed="1" failed="0" skipped="0">
  <reporter-output>
  </reporter-output>
  <suite started-at="2025-02-04T15:41:02 IST" name="Default suite" finished-at="2025-02-04T15:41:03 IST" duration-ms="550">
    <groups>
    </groups>
    <test started-at="2025-02-04T15:41:02 IST" name="Default test" finished-at="2025-02-04T15:41:03 IST" duration-ms="550">
      <class name="advanced.JDBC1">
        <test-method signature="EstCon()[pri:0, instance:advanced.JDBC1@383bfa16]" started-at="2025-02-04T15:41:02 IST" name="EstCon" finished-at="2025-02-04T15:41:03 IST" duration-ms="506" status="PASS">
          <reporter-output>
          </reporter-output>
        </test-method> <!-- EstCon -->
      </class> <!-- advanced.JDBC1 -->
    </test> <!-- Default test -->
  </suite> <!-- Default suite -->
</testng-results>
